{"/home/travis/build/npmtest/node-npmtest-iphone-inline-video/test.js":{"path":"/home/travis/build/npmtest/node-npmtest-iphone-inline-video/test.js","s":{"1":2,"2":2,"3":2,"4":2,"5":2,"6":2,"7":2,"8":1,"9":2,"10":2,"11":1,"12":1,"13":1,"14":1,"15":2,"16":2,"17":2,"18":2,"19":1,"20":1,"21":2,"22":2,"23":2,"24":1,"25":1,"26":1,"27":1,"28":1,"29":1,"30":1,"31":1,"32":1,"33":1,"34":1,"35":1,"36":1,"37":1,"38":1,"39":2,"40":2,"41":1,"42":2,"43":2,"44":1,"45":2,"46":2,"47":1,"48":2,"49":2,"50":1,"51":1,"52":1,"53":1,"54":1},"b":{"1":[2,1,1,1],"2":[1,1,1,1],"3":[1,1],"4":[1,1],"5":[1,1],"6":[1,1],"7":[1,1],"8":[1,1],"9":[1,1],"10":[1,1,1],"11":[1,1],"12":[1,1],"13":[1,1],"14":[1,1],"15":[1,1],"16":[1,1],"17":[1,1]},"f":{"1":2,"2":2,"3":2,"4":2,"5":2,"6":1,"7":1,"8":1,"9":2,"10":2,"11":2,"12":2,"13":1},"fnMap":{"1":{"name":"(anonymous_1)","line":12,"loc":{"start":{"line":12,"column":1},"end":{"line":12,"column":13}}},"2":{"name":"(anonymous_2)","line":19,"loc":{"start":{"line":19,"column":5},"end":{"line":19,"column":17}}},"3":{"name":"(anonymous_3)","line":23,"loc":{"start":{"line":23,"column":24},"end":{"line":23,"column":36}}},"4":{"name":"(anonymous_4)","line":61,"loc":{"start":{"line":61,"column":5},"end":{"line":61,"column":17}}},"5":{"name":"(anonymous_5)","line":82,"loc":{"start":{"line":82,"column":5},"end":{"line":82,"column":17}}},"6":{"name":"(anonymous_6)","line":91,"loc":{"start":{"line":91,"column":77},"end":{"line":94,"column":10}}},"7":{"name":"(anonymous_7)","line":112,"loc":{"start":{"line":112,"column":83},"end":{"line":115,"column":10}},"skip":true},"8":{"name":"(anonymous_8)","line":123,"loc":{"start":{"line":123,"column":77},"end":{"line":126,"column":10}},"skip":true},"9":{"name":"(anonymous_9)","line":139,"loc":{"start":{"line":139,"column":12},"end":{"line":139,"column":40}},"skip":true},"10":{"name":"(anonymous_10)","line":147,"loc":{"start":{"line":147,"column":77},"end":{"line":150,"column":10}},"skip":true},"11":{"name":"(anonymous_11)","line":158,"loc":{"start":{"line":158,"column":83},"end":{"line":161,"column":10}},"skip":true},"12":{"name":"(anonymous_12)","line":169,"loc":{"start":{"line":169,"column":79},"end":{"line":172,"column":10}},"skip":true},"13":{"name":"(anonymous_13)","line":180,"loc":{"start":{"line":180,"column":75},"end":{"line":183,"column":10}},"skip":true}},"statementMap":{"1":{"start":{"line":12,"column":0},"end":{"line":195,"column":5}},"2":{"start":{"line":14,"column":4},"end":{"line":14,"column":14}},"3":{"start":{"line":19,"column":4},"end":{"line":56,"column":9}},"4":{"start":{"line":21,"column":8},"end":{"line":21,"column":19}},"5":{"start":{"line":23,"column":8},"end":{"line":35,"column":13}},"6":{"start":{"line":24,"column":12},"end":{"line":34,"column":13}},"7":{"start":{"line":25,"column":16},"end":{"line":28,"column":30}},"8":{"start":{"line":30,"column":16},"end":{"line":33,"column":27}},"9":{"start":{"line":37,"column":8},"end":{"line":39,"column":21}},"10":{"start":{"line":40,"column":8},"end":{"line":53,"column":9}},"11":{"start":{"line":43,"column":12},"end":{"line":46,"column":14}},"12":{"start":{"line":47,"column":12},"end":{"line":47,"column":18}},"13":{"start":{"line":50,"column":12},"end":{"line":51,"column":33}},"14":{"start":{"line":52,"column":12},"end":{"line":52,"column":18}},"15":{"start":{"line":55,"column":8},"end":{"line":55,"column":35}},"16":{"start":{"line":61,"column":4},"end":{"line":63,"column":9}},"17":{"start":{"line":62,"column":8},"end":{"line":62,"column":15}},"18":{"start":{"line":64,"column":4},"end":{"line":77,"column":5}},"19":{"start":{"line":70,"column":8},"end":{"line":70,"column":14}},"20":{"start":{"line":76,"column":8},"end":{"line":76,"column":14}},"21":{"start":{"line":82,"column":4},"end":{"line":84,"column":9}},"22":{"start":{"line":83,"column":8},"end":{"line":83,"column":15}},"23":{"start":{"line":85,"column":4},"end":{"line":194,"column":5}},"24":{"start":{"line":91,"column":8},"end":{"line":99,"column":10}},"25":{"start":{"line":98,"column":12},"end":{"line":98,"column":35}},"26":{"start":{"line":102,"column":8},"end":{"line":104,"column":63}},"27":{"start":{"line":105,"column":8},"end":{"line":105,"column":14}},"28":{"start":{"line":112,"column":8},"end":{"line":121,"column":10},"skip":true},"29":{"start":{"line":119,"column":12},"end":{"line":119,"column":55},"skip":true},"30":{"start":{"line":120,"column":12},"end":{"line":120,"column":48},"skip":true},"31":{"start":{"line":123,"column":8},"end":{"line":136,"column":10},"skip":true},"32":{"start":{"line":130,"column":12},"end":{"line":130,"column":76},"skip":true},"33":{"start":{"line":131,"column":12},"end":{"line":131,"column":73},"skip":true},"34":{"start":{"line":132,"column":12},"end":{"line":132,"column":74},"skip":true},"35":{"start":{"line":133,"column":12},"end":{"line":133,"column":79},"skip":true},"36":{"start":{"line":134,"column":12},"end":{"line":134,"column":25},"skip":true},"37":{"start":{"line":135,"column":12},"end":{"line":135,"column":45},"skip":true},"38":{"start":{"line":138,"column":8},"end":{"line":145,"column":14},"skip":true},"39":{"start":{"line":143,"column":16},"end":{"line":143,"column":29},"skip":true},"40":{"start":{"line":144,"column":16},"end":{"line":144,"column":55},"skip":true},"41":{"start":{"line":147,"column":8},"end":{"line":156,"column":10},"skip":true},"42":{"start":{"line":154,"column":12},"end":{"line":154,"column":25},"skip":true},"43":{"start":{"line":155,"column":12},"end":{"line":155,"column":45},"skip":true},"44":{"start":{"line":158,"column":8},"end":{"line":167,"column":10},"skip":true},"45":{"start":{"line":165,"column":12},"end":{"line":165,"column":25},"skip":true},"46":{"start":{"line":166,"column":12},"end":{"line":166,"column":48},"skip":true},"47":{"start":{"line":169,"column":8},"end":{"line":178,"column":10},"skip":true},"48":{"start":{"line":176,"column":12},"end":{"line":176,"column":25},"skip":true},"49":{"start":{"line":177,"column":12},"end":{"line":177,"column":46},"skip":true},"50":{"start":{"line":180,"column":8},"end":{"line":189,"column":10},"skip":true},"51":{"start":{"line":187,"column":12},"end":{"line":187,"column":94},"skip":true},"52":{"start":{"line":188,"column":12},"end":{"line":188,"column":48},"skip":true},"53":{"start":{"line":192,"column":8},"end":{"line":192,"column":35},"skip":true},"54":{"start":{"line":193,"column":8},"end":{"line":193,"column":14},"skip":true}},"branchMap":{"1":{"line":25,"type":"binary-expr","locations":[{"start":{"line":25,"column":23},"end":{"line":25,"column":62}},{"start":{"line":26,"column":20},"end":{"line":26,"column":70}},{"start":{"line":27,"column":20},"end":{"line":27,"column":71}},{"start":{"line":28,"column":20},"end":{"line":28,"column":29}}]},"2":{"line":30,"type":"binary-expr","locations":[{"start":{"line":30,"column":23},"end":{"line":30,"column":37}},{"start":{"line":31,"column":20},"end":{"line":31,"column":61}},{"start":{"line":32,"column":20},"end":{"line":32,"column":70}},{"start":{"line":33,"column":20},"end":{"line":33,"column":26}}]},"3":{"line":37,"type":"cond-expr","locations":[{"start":{"line":38,"column":14},"end":{"line":38,"column":20}},{"start":{"line":39,"column":14},"end":{"line":39,"column":20}}]},"4":{"line":40,"type":"switch","locations":[{"start":{"line":42,"column":8},"end":{"line":47,"column":18}},{"start":{"line":49,"column":8},"end":{"line":52,"column":18}}]},"5":{"line":44,"type":"binary-expr","locations":[{"start":{"line":44,"column":16},"end":{"line":44,"column":44}},{"start":{"line":44,"column":48},"end":{"line":44,"column":66}}]},"6":{"line":50,"type":"binary-expr","locations":[{"start":{"line":50,"column":21},"end":{"line":50,"column":49}},{"start":{"line":50,"column":53},"end":{"line":50,"column":72}}]},"7":{"line":64,"type":"switch","locations":[{"start":{"line":69,"column":4},"end":{"line":70,"column":14}},{"start":{"line":75,"column":4},"end":{"line":76,"column":14}}]},"8":{"line":85,"type":"switch","locations":[{"start":{"line":90,"column":4},"end":{"line":105,"column":14}},{"start":{"line":111,"column":4},"end":{"line":193,"column":14},"skip":true}]},"9":{"line":91,"type":"binary-expr","locations":[{"start":{"line":91,"column":42},"end":{"line":91,"column":73}},{"start":{"line":91,"column":77},"end":{"line":99,"column":9}}]},"10":{"line":102,"type":"binary-expr","locations":[{"start":{"line":102,"column":18},"end":{"line":102,"column":32}},{"start":{"line":103,"column":12},"end":{"line":103,"column":53}},{"start":{"line":104,"column":12},"end":{"line":104,"column":61}}]},"11":{"line":112,"type":"binary-expr","locations":[{"start":{"line":112,"column":45},"end":{"line":112,"column":79},"skip":true},{"start":{"line":112,"column":83},"end":{"line":121,"column":9},"skip":true}]},"12":{"line":123,"type":"binary-expr","locations":[{"start":{"line":123,"column":42},"end":{"line":123,"column":73},"skip":true},{"start":{"line":123,"column":77},"end":{"line":136,"column":9},"skip":true}]},"13":{"line":138,"type":"binary-expr","locations":[{"start":{"line":138,"column":48},"end":{"line":138,"column":85},"skip":true},{"start":{"line":139,"column":12},"end":{"line":145,"column":13},"skip":true}]},"14":{"line":147,"type":"binary-expr","locations":[{"start":{"line":147,"column":42},"end":{"line":147,"column":73},"skip":true},{"start":{"line":147,"column":77},"end":{"line":156,"column":9},"skip":true}]},"15":{"line":158,"type":"binary-expr","locations":[{"start":{"line":158,"column":45},"end":{"line":158,"column":79},"skip":true},{"start":{"line":158,"column":83},"end":{"line":167,"column":9},"skip":true}]},"16":{"line":169,"type":"binary-expr","locations":[{"start":{"line":169,"column":43},"end":{"line":169,"column":75},"skip":true},{"start":{"line":169,"column":79},"end":{"line":178,"column":9},"skip":true}]},"17":{"line":180,"type":"binary-expr","locations":[{"start":{"line":180,"column":41},"end":{"line":180,"column":71},"skip":true},{"start":{"line":180,"column":75},"end":{"line":189,"column":9},"skip":true}]}},"code":["/* istanbul instrument in package npmtest_iphone_inline_video */","/*jslint","    bitwise: true,","    browser: true,","    maxerr: 8,","    maxlen: 96,","    node: true,","    nomen: true,","    regexp: true,","    stupid: true","*/","(function () {","    'use strict';","    var local;","","","","    // run shared js-env code - pre-init","    (function () {","        // init local","        local = {};","        // init modeJs","        local.modeJs = (function () {","            try {","                return typeof navigator.userAgent === 'string' &&","                    typeof document.querySelector('body') === 'object' &&","                    typeof XMLHttpRequest.prototype.open === 'function' &&","                    'browser';","            } catch (errorCaughtBrowser) {","                return module.exports &&","                    typeof process.versions.node === 'string' &&","                    typeof require('http').createServer === 'function' &&","                    'node';","            }","        }());","        // init global","        local.global = local.modeJs === 'browser'","            ? window","            : global;","        switch (local.modeJs) {","        // re-init local from window.local","        case 'browser':","            local = local.global.utility2.objectSetDefault(","                local.global.utility2_rollup || local.global.local,","                local.global.utility2","            );","            break;","        // re-init local from example.js","        case 'node':","            local = (local.global.utility2_rollup || require('utility2'))","                .requireReadme();","            break;","        }","        // export local","        local.global.local = local;","    }());","","","","    // run shared js-env code - function","    (function () {","        return;","    }());","    switch (local.modeJs) {","","","","    // run browser js-env code - function","    case 'browser':","        break;","","","","    // run node js-env code - function","    case 'node':","        break;","    }","","","","    // run shared js-env code - post-init","    (function () {","        return;","    }());","    switch (local.modeJs) {","","","","    // run browser js-env code - post-init","    case 'browser':","        local.testCase_browser_nullCase = local.testCase_browser_nullCase || function (","            options,","            onError","        ) {","        /*","         * this function will test browsers's null-case handling-behavior-behavior","         */","            onError(null, options);","        };","","        // run tests","        local.nop(local.modeTest &&","            document.querySelector('#testRunButton1') &&","            document.querySelector('#testRunButton1').click());","        break;","","","","    // run node js-env code - post-init","    /* istanbul ignore next */","    case 'node':","        local.testCase_buildApidoc_default = local.testCase_buildApidoc_default || function (","            options,","            onError","        ) {","        /*","         * this function will test buildApidoc's default handling-behavior-behavior","         */","            options = { modulePathList: module.paths };","            local.buildApidoc(options, onError);","        };","","        local.testCase_buildApp_default = local.testCase_buildApp_default || function (","            options,","            onError","        ) {","        /*","         * this function will test buildApp's default handling-behavior-behavior","         */","            local.testCase_buildReadme_default(options, local.onErrorThrow);","            local.testCase_buildLib_default(options, local.onErrorThrow);","            local.testCase_buildTest_default(options, local.onErrorThrow);","            local.testCase_buildCustomOrg_default(options, local.onErrorThrow);","            options = [];","            local.buildApp(options, onError);","        };","","        local.testCase_buildCustomOrg_default = local.testCase_buildCustomOrg_default ||","            function (options, onError) {","            /*","             * this function will test buildCustomOrg's default handling-behavior","             */","                options = {};","                local.buildCustomOrg(options, onError);","            };","","        local.testCase_buildLib_default = local.testCase_buildLib_default || function (","            options,","            onError","        ) {","        /*","         * this function will test buildLib's default handling-behavior","         */","            options = {};","            local.buildLib(options, onError);","        };","","        local.testCase_buildReadme_default = local.testCase_buildReadme_default || function (","            options,","            onError","        ) {","        /*","         * this function will test buildReadme's default handling-behavior-behavior","         */","            options = {};","            local.buildReadme(options, onError);","        };","","        local.testCase_buildTest_default = local.testCase_buildTest_default || function (","            options,","            onError","        ) {","        /*","         * this function will test buildTest's default handling-behavior","         */","            options = {};","            local.buildTest(options, onError);","        };","","        local.testCase_webpage_default = local.testCase_webpage_default || function (","            options,","            onError","        ) {","        /*","         * this function will test webpage's default handling-behavior","         */","            options = { modeCoverageMerge: true, url: local.serverLocalHost + '?modeTest=1' };","            local.browserTest(options, onError);","        };","","        // run test-server","        local.testRunServer(local);","        break;","    }","}());",""],"l":{"12":2,"14":2,"19":2,"21":2,"23":2,"24":2,"25":2,"30":1,"37":2,"40":2,"43":1,"47":1,"50":1,"52":1,"55":2,"61":2,"62":2,"64":2,"70":1,"76":1,"82":2,"83":2,"85":2,"91":1,"98":1,"102":1,"105":1,"112":1,"119":1,"120":1,"123":1,"130":1,"131":1,"132":1,"133":1,"134":1,"135":1,"138":1,"143":2,"144":2,"147":1,"154":2,"155":2,"158":1,"165":2,"166":2,"169":1,"176":2,"177":2,"180":1,"187":1,"188":1,"192":1,"193":1}},"/home/travis/build/npmtest/node-npmtest-iphone-inline-video/lib.npmtest_iphone_inline_video.js":{"path":"/home/travis/build/npmtest/node-npmtest-iphone-inline-video/lib.npmtest_iphone_inline_video.js","s":{"1":2,"2":2,"3":2,"4":2,"5":2,"6":2,"7":2,"8":1,"9":2,"10":2,"11":2,"12":2,"13":1,"14":1,"15":1,"16":1},"b":{"1":[2,1,1,1],"2":[1,1,1,1],"3":[1,1],"4":[2,2],"5":[1,1]},"f":{"1":2,"2":2,"3":2},"fnMap":{"1":{"name":"(anonymous_1)","line":12,"loc":{"start":{"line":12,"column":1},"end":{"line":12,"column":13}}},"2":{"name":"(anonymous_2)","line":19,"loc":{"start":{"line":19,"column":5},"end":{"line":19,"column":17}}},"3":{"name":"(anonymous_3)","line":23,"loc":{"start":{"line":23,"column":24},"end":{"line":23,"column":36}}}},"statementMap":{"1":{"start":{"line":12,"column":0},"end":{"line":53,"column":5}},"2":{"start":{"line":14,"column":4},"end":{"line":14,"column":14}},"3":{"start":{"line":19,"column":4},"end":{"line":52,"column":9}},"4":{"start":{"line":21,"column":8},"end":{"line":21,"column":19}},"5":{"start":{"line":23,"column":8},"end":{"line":35,"column":13}},"6":{"start":{"line":24,"column":12},"end":{"line":34,"column":13}},"7":{"start":{"line":25,"column":16},"end":{"line":28,"column":30}},"8":{"start":{"line":30,"column":16},"end":{"line":33,"column":27}},"9":{"start":{"line":37,"column":8},"end":{"line":39,"column":21}},"10":{"start":{"line":41,"column":8},"end":{"line":41,"column":54}},"11":{"start":{"line":43,"column":8},"end":{"line":43,"column":64}},"12":{"start":{"line":45,"column":8},"end":{"line":51,"column":9}},"13":{"start":{"line":46,"column":12},"end":{"line":46,"column":70}},"14":{"start":{"line":48,"column":12},"end":{"line":48,"column":35}},"15":{"start":{"line":49,"column":12},"end":{"line":49,"column":49}},"16":{"start":{"line":50,"column":12},"end":{"line":50,"column":43}}},"branchMap":{"1":{"line":25,"type":"binary-expr","locations":[{"start":{"line":25,"column":23},"end":{"line":25,"column":62}},{"start":{"line":26,"column":20},"end":{"line":26,"column":70}},{"start":{"line":27,"column":20},"end":{"line":27,"column":71}},{"start":{"line":28,"column":20},"end":{"line":28,"column":29}}]},"2":{"line":30,"type":"binary-expr","locations":[{"start":{"line":30,"column":23},"end":{"line":30,"column":37}},{"start":{"line":31,"column":20},"end":{"line":31,"column":61}},{"start":{"line":32,"column":20},"end":{"line":32,"column":70}},{"start":{"line":33,"column":20},"end":{"line":33,"column":26}}]},"3":{"line":37,"type":"cond-expr","locations":[{"start":{"line":38,"column":14},"end":{"line":38,"column":20}},{"start":{"line":39,"column":14},"end":{"line":39,"column":20}}]},"4":{"line":41,"type":"binary-expr","locations":[{"start":{"line":41,"column":16},"end":{"line":41,"column":44}},{"start":{"line":41,"column":48},"end":{"line":41,"column":53}}]},"5":{"line":45,"type":"if","locations":[{"start":{"line":45,"column":8},"end":{"line":45,"column":8}},{"start":{"line":45,"column":8},"end":{"line":45,"column":8}}]}},"code":["/* istanbul instrument in package npmtest_iphone_inline_video */","/*jslint","    bitwise: true,","    browser: true,","    maxerr: 8,","    maxlen: 96,","    node: true,","    nomen: true,","    regexp: true,","    stupid: true","*/","(function () {","    'use strict';","    var local;","","","","    // run shared js-env code - pre-init","    (function () {","        // init local","        local = {};","        // init modeJs","        local.modeJs = (function () {","            try {","                return typeof navigator.userAgent === 'string' &&","                    typeof document.querySelector('body') === 'object' &&","                    typeof XMLHttpRequest.prototype.open === 'function' &&","                    'browser';","            } catch (errorCaughtBrowser) {","                return module.exports &&","                    typeof process.versions.node === 'string' &&","                    typeof require('http').createServer === 'function' &&","                    'node';","            }","        }());","        // init global","        local.global = local.modeJs === 'browser'","            ? window","            : global;","        // init utility2_rollup","        local = local.global.utility2_rollup || local;","        // init lib","        local.local = local.npmtest_iphone_inline_video = local;","        // init exports","        if (local.modeJs === 'browser') {","            local.global.utility2_npmtest_iphone_inline_video = local;","        } else {","            module.exports = local;","            module.exports.__dirname = __dirname;","            module.exports.module = module;","        }","    }());","}());",""],"l":{"12":2,"14":2,"19":2,"21":2,"23":2,"24":2,"25":2,"30":1,"37":2,"41":2,"43":2,"45":2,"46":1,"48":1,"49":1,"50":1}},"/home/travis/build/npmtest/node-npmtest-iphone-inline-video/example.js":{"path":"/home/travis/build/npmtest/node-npmtest-iphone-inline-video/example.js","s":{"1":2,"2":2,"3":2,"4":2,"5":2,"6":2,"7":2,"8":1,"9":2,"10":2,"11":2,"12":2,"13":1,"14":2,"15":2,"16":2,"17":2,"18":2,"19":0,"20":2,"21":1,"22":1,"23":1,"24":1,"25":1,"26":0,"27":0,"28":1,"29":1,"30":2,"31":0,"32":0,"33":0,"34":1,"35":2,"36":2,"37":3,"38":3,"39":3,"40":3,"41":0,"42":3,"43":3,"44":3,"45":1,"46":3,"47":1,"48":1,"49":1,"50":1,"51":1,"52":1,"53":1,"54":1,"55":1,"56":1,"57":0,"58":1,"59":6,"60":6,"61":1,"62":2,"63":0,"64":2,"65":1,"66":1,"67":0,"68":0,"69":0,"70":0,"71":0,"72":0,"73":0,"74":0,"75":0,"76":0,"77":0,"78":0,"79":0,"80":0,"81":0,"82":0,"83":0},"b":{"1":[2,1,1,1],"2":[1,1,1,1],"3":[1,1],"4":[2,2],"5":[1,1],"6":[1,1],"7":[2,0],"8":[2,1,1,1,1,1],"9":[0,2,0],"10":[1,1],"11":[2,1,1],"12":[1,0],"13":[0,2],"14":[2,0,0,0,0,0,0],"15":[0,3],"16":[3,0],"17":[1,1],"18":[0,1],"19":[1,2,0,2],"20":[1,0],"21":[1,1],"22":[0,0],"23":[0,0],"24":[0,0],"25":[0,0],"26":[0,0],"27":[0,0],"28":[0,0]},"f":{"1":2,"2":2,"3":2,"4":2,"5":2,"6":2,"7":3,"8":3,"9":3,"10":1,"11":6,"12":0},"fnMap":{"1":{"name":"(anonymous_1)","line":26,"loc":{"start":{"line":26,"column":1},"end":{"line":26,"column":13}}},"2":{"name":"(anonymous_2)","line":33,"loc":{"start":{"line":33,"column":5},"end":{"line":33,"column":17}}},"3":{"name":"(anonymous_3)","line":37,"loc":{"start":{"line":37,"column":24},"end":{"line":37,"column":36}}},"4":{"name":"(anonymous_4)","line":69,"loc":{"start":{"line":69,"column":31},"end":{"line":69,"column":48}},"skip":true},"5":{"name":"(anonymous_5)","line":78,"loc":{"start":{"line":78,"column":26},"end":{"line":78,"column":45}},"skip":true},"6":{"name":"(anonymous_6)","line":123,"loc":{"start":{"line":123,"column":33},"end":{"line":123,"column":48}},"skip":true},"7":{"name":"(anonymous_7)","line":125,"loc":{"start":{"line":125,"column":27},"end":{"line":125,"column":39}},"skip":true},"8":{"name":"(anonymous_8)","line":133,"loc":{"start":{"line":133,"column":59},"end":{"line":133,"column":74}},"skip":true},"9":{"name":"(anonymous_9)","line":143,"loc":{"start":{"line":143,"column":45},"end":{"line":143,"column":62}},"skip":true},"10":{"name":"(anonymous_10)","line":144,"loc":{"start":{"line":144,"column":73},"end":{"line":144,"column":92}},"skip":true},"11":{"name":"(anonymous_11)","line":272,"loc":{"start":{"line":272,"column":51},"end":{"line":272,"column":77}},"skip":true},"12":{"name":"(anonymous_12)","line":315,"loc":{"start":{"line":315,"column":32},"end":{"line":315,"column":61}},"skip":true}},"statementMap":{"1":{"start":{"line":26,"column":0},"end":{"line":326,"column":5}},"2":{"start":{"line":28,"column":4},"end":{"line":28,"column":14}},"3":{"start":{"line":33,"column":4},"end":{"line":60,"column":9}},"4":{"start":{"line":35,"column":8},"end":{"line":35,"column":19}},"5":{"start":{"line":37,"column":8},"end":{"line":49,"column":13}},"6":{"start":{"line":38,"column":12},"end":{"line":48,"column":13}},"7":{"start":{"line":39,"column":16},"end":{"line":42,"column":30}},"8":{"start":{"line":44,"column":16},"end":{"line":47,"column":27}},"9":{"start":{"line":51,"column":8},"end":{"line":53,"column":21}},"10":{"start":{"line":55,"column":8},"end":{"line":57,"column":45}},"11":{"start":{"line":59,"column":8},"end":{"line":59,"column":35}},"12":{"start":{"line":61,"column":4},"end":{"line":325,"column":5}},"13":{"start":{"line":69,"column":8},"end":{"line":121,"column":10},"skip":true},"14":{"start":{"line":70,"column":12},"end":{"line":88,"column":13},"skip":true},"15":{"start":{"line":76,"column":16},"end":{"line":87,"column":19},"skip":true},"16":{"start":{"line":79,"column":20},"end":{"line":86,"column":21},"skip":true},"17":{"start":{"line":82,"column":24},"end":{"line":82,"column":43},"skip":true},"18":{"start":{"line":83,"column":24},"end":{"line":83,"column":30},"skip":true},"19":{"start":{"line":85,"column":24},"end":{"line":85,"column":49},"skip":true},"20":{"start":{"line":89,"column":12},"end":{"line":107,"column":13},"skip":true},"21":{"start":{"line":92,"column":16},"end":{"line":102,"column":17},"skip":true},"22":{"start":{"line":93,"column":20},"end":{"line":93,"column":86},"skip":true},"23":{"start":{"line":94,"column":20},"end":{"line":95,"column":45},"skip":true},"24":{"start":{"line":96,"column":20},"end":{"line":96,"column":42},"skip":true},"25":{"start":{"line":97,"column":20},"end":{"line":97,"column":48},"skip":true},"26":{"start":{"line":100,"column":20},"end":{"line":100,"column":85},"skip":true},"27":{"start":{"line":101,"column":20},"end":{"line":101,"column":96},"skip":true},"28":{"start":{"line":103,"column":16},"end":{"line":103,"column":22},"skip":true},"29":{"start":{"line":106,"column":16},"end":{"line":106,"column":22},"skip":true},"30":{"start":{"line":108,"column":12},"end":{"line":120,"column":13},"skip":true},"31":{"start":{"line":114,"column":16},"end":{"line":119,"column":17},"skip":true},"32":{"start":{"line":116,"column":20},"end":{"line":116,"column":78},"skip":true},"33":{"start":{"line":118,"column":20},"end":{"line":118,"column":47},"skip":true},"34":{"start":{"line":123,"column":8},"end":{"line":141,"column":11},"skip":true},"35":{"start":{"line":124,"column":12},"end":{"line":124,"column":54},"skip":true},"36":{"start":{"line":125,"column":12},"end":{"line":140,"column":14},"skip":true},"37":{"start":{"line":126,"column":16},"end":{"line":126,"column":28},"skip":true},"38":{"start":{"line":127,"column":16},"end":{"line":127,"column":69},"skip":true},"39":{"start":{"line":128,"column":16},"end":{"line":128,"column":75},"skip":true},"40":{"start":{"line":129,"column":16},"end":{"line":131,"column":17},"skip":true},"41":{"start":{"line":130,"column":20},"end":{"line":130,"column":27},"skip":true},"42":{"start":{"line":133,"column":16},"end":{"line":137,"column":36},"skip":true},"43":{"start":{"line":134,"column":20},"end":{"line":136,"column":55},"skip":true},"44":{"start":{"line":139,"column":16},"end":{"line":139,"column":57},"skip":true},"45":{"start":{"line":143,"column":8},"end":{"line":147,"column":11},"skip":true},"46":{"start":{"line":144,"column":12},"end":{"line":146,"column":15},"skip":true},"47":{"start":{"line":145,"column":16},"end":{"line":145,"column":70},"skip":true},"48":{"start":{"line":149,"column":8},"end":{"line":149,"column":31},"skip":true},"49":{"start":{"line":150,"column":8},"end":{"line":150,"column":14},"skip":true},"50":{"start":{"line":158,"column":8},"end":{"line":158,"column":31},"skip":true},"51":{"start":{"line":160,"column":8},"end":{"line":160,"column":33},"skip":true},"52":{"start":{"line":161,"column":8},"end":{"line":161,"column":37},"skip":true},"53":{"start":{"line":162,"column":8},"end":{"line":162,"column":35},"skip":true},"54":{"start":{"line":164,"column":8},"end":{"line":164,"column":50},"skip":true},"55":{"start":{"line":166,"column":8},"end":{"line":256,"column":2},"skip":true},"56":{"start":{"line":258,"column":8},"end":{"line":286,"column":9},"skip":true},"57":{"start":{"line":259,"column":12},"end":{"line":269,"column":14},"skip":true},"58":{"start":{"line":271,"column":12},"end":{"line":285,"column":19},"skip":true},"59":{"start":{"line":274,"column":20},"end":{"line":274,"column":35},"skip":true},"60":{"start":{"line":275,"column":20},"end":{"line":284,"column":21},"skip":true},"61":{"start":{"line":277,"column":24},"end":{"line":277,"column":64},"skip":true},"62":{"start":{"line":279,"column":24},"end":{"line":279,"column":40},"skip":true},"63":{"start":{"line":281,"column":24},"end":{"line":281,"column":40},"skip":true},"64":{"start":{"line":283,"column":24},"end":{"line":283,"column":39},"skip":true},"65":{"start":{"line":288,"column":8},"end":{"line":290,"column":9},"skip":true},"66":{"start":{"line":289,"column":12},"end":{"line":289,"column":18},"skip":true},"67":{"start":{"line":291,"column":8},"end":{"line":293,"column":54},"skip":true},"68":{"start":{"line":296,"column":8},"end":{"line":301,"column":37},"skip":true},"69":{"start":{"line":303,"column":8},"end":{"line":303,"column":82},"skip":true},"70":{"start":{"line":306,"column":8},"end":{"line":308,"column":9},"skip":true},"71":{"start":{"line":307,"column":12},"end":{"line":307,"column":82},"skip":true},"72":{"start":{"line":310,"column":8},"end":{"line":312,"column":9},"skip":true},"73":{"start":{"line":311,"column":12},"end":{"line":311,"column":18},"skip":true},"74":{"start":{"line":313,"column":8},"end":{"line":313,"column":54},"skip":true},"75":{"start":{"line":314,"column":8},"end":{"line":314,"column":69},"skip":true},"76":{"start":{"line":315,"column":8},"end":{"line":323,"column":36},"skip":true},"77":{"start":{"line":316,"column":12},"end":{"line":316,"column":61},"skip":true},"78":{"start":{"line":317,"column":12},"end":{"line":320,"column":13},"skip":true},"79":{"start":{"line":318,"column":16},"end":{"line":318,"column":75},"skip":true},"80":{"start":{"line":319,"column":16},"end":{"line":319,"column":23},"skip":true},"81":{"start":{"line":321,"column":12},"end":{"line":321,"column":38},"skip":true},"82":{"start":{"line":322,"column":12},"end":{"line":322,"column":27},"skip":true},"83":{"start":{"line":324,"column":8},"end":{"line":324,"column":14},"skip":true}},"branchMap":{"1":{"line":39,"type":"binary-expr","locations":[{"start":{"line":39,"column":23},"end":{"line":39,"column":62}},{"start":{"line":40,"column":20},"end":{"line":40,"column":70}},{"start":{"line":41,"column":20},"end":{"line":41,"column":71}},{"start":{"line":42,"column":20},"end":{"line":42,"column":29}}]},"2":{"line":44,"type":"binary-expr","locations":[{"start":{"line":44,"column":23},"end":{"line":44,"column":37}},{"start":{"line":45,"column":20},"end":{"line":45,"column":61}},{"start":{"line":46,"column":20},"end":{"line":46,"column":70}},{"start":{"line":47,"column":20},"end":{"line":47,"column":26}}]},"3":{"line":51,"type":"cond-expr","locations":[{"start":{"line":52,"column":14},"end":{"line":52,"column":20}},{"start":{"line":53,"column":14},"end":{"line":53,"column":20}}]},"4":{"line":55,"type":"binary-expr","locations":[{"start":{"line":55,"column":16},"end":{"line":55,"column":44}},{"start":{"line":55,"column":49},"end":{"line":57,"column":43}}]},"5":{"line":55,"type":"cond-expr","locations":[{"start":{"line":56,"column":14},"end":{"line":56,"column":63}},{"start":{"line":57,"column":14},"end":{"line":57,"column":43}}]},"6":{"line":61,"type":"switch","locations":[{"start":{"line":68,"column":4},"end":{"line":150,"column":14},"skip":true},{"start":{"line":156,"column":4},"end":{"line":324,"column":14},"skip":true}]},"7":{"line":70,"type":"if","locations":[{"start":{"line":70,"column":12},"end":{"line":70,"column":12},"skip":true},{"start":{"line":70,"column":12},"end":{"line":70,"column":12},"skip":true}]},"8":{"line":70,"type":"binary-expr","locations":[{"start":{"line":70,"column":16},"end":{"line":70,"column":22},"skip":true},{"start":{"line":70,"column":27},"end":{"line":70,"column":32},"skip":true},{"start":{"line":71,"column":20},"end":{"line":71,"column":39},"skip":true},{"start":{"line":72,"column":20},"end":{"line":72,"column":49},"skip":true},{"start":{"line":73,"column":20},"end":{"line":73,"column":58},"skip":true},{"start":{"line":74,"column":20},"end":{"line":74,"column":69},"skip":true}]},"9":{"line":79,"type":"switch","locations":[{"start":{"line":80,"column":20},"end":{"line":80,"column":33},"skip":true},{"start":{"line":81,"column":20},"end":{"line":83,"column":30},"skip":true},{"start":{"line":84,"column":20},"end":{"line":85,"column":49},"skip":true}]},"10":{"line":89,"type":"switch","locations":[{"start":{"line":90,"column":12},"end":{"line":103,"column":22},"skip":true},{"start":{"line":105,"column":12},"end":{"line":106,"column":22},"skip":true}]},"11":{"line":89,"type":"binary-expr","locations":[{"start":{"line":89,"column":20},"end":{"line":89,"column":25},"skip":true},{"start":{"line":89,"column":29},"end":{"line":89,"column":48},"skip":true},{"start":{"line":89,"column":52},"end":{"line":89,"column":74},"skip":true}]},"12":{"line":92,"type":"if","locations":[{"start":{"line":92,"column":16},"end":{"line":92,"column":16},"skip":true},{"start":{"line":92,"column":16},"end":{"line":92,"column":16},"skip":true}]},"13":{"line":108,"type":"if","locations":[{"start":{"line":108,"column":12},"end":{"line":108,"column":12},"skip":true},{"start":{"line":108,"column":12},"end":{"line":108,"column":12},"skip":true}]},"14":{"line":108,"type":"binary-expr","locations":[{"start":{"line":108,"column":16},"end":{"line":108,"column":61},"skip":true},{"start":{"line":108,"column":66},"end":{"line":108,"column":72},"skip":true},{"start":{"line":108,"column":77},"end":{"line":108,"column":82},"skip":true},{"start":{"line":109,"column":20},"end":{"line":109,"column":39},"skip":true},{"start":{"line":110,"column":20},"end":{"line":110,"column":49},"skip":true},{"start":{"line":111,"column":20},"end":{"line":111,"column":58},"skip":true},{"start":{"line":112,"column":20},"end":{"line":112,"column":68},"skip":true}]},"15":{"line":129,"type":"if","locations":[{"start":{"line":129,"column":16},"end":{"line":129,"column":16},"skip":true},{"start":{"line":129,"column":16},"end":{"line":129,"column":16},"skip":true}]},"16":{"line":134,"type":"cond-expr","locations":[{"start":{"line":135,"column":26},"end":{"line":135,"column":29},"skip":true},{"start":{"line":136,"column":26},"end":{"line":136,"column":54},"skip":true}]},"17":{"line":164,"type":"binary-expr","locations":[{"start":{"line":164,"column":27},"end":{"line":164,"column":43},"skip":true},{"start":{"line":164,"column":47},"end":{"line":164,"column":49},"skip":true}]},"18":{"line":258,"type":"if","locations":[{"start":{"line":258,"column":8},"end":{"line":258,"column":8},"skip":true},{"start":{"line":258,"column":8},"end":{"line":258,"column":8},"skip":true}]},"19":{"line":275,"type":"switch","locations":[{"start":{"line":276,"column":20},"end":{"line":277,"column":64},"skip":true},{"start":{"line":278,"column":20},"end":{"line":279,"column":40},"skip":true},{"start":{"line":280,"column":20},"end":{"line":281,"column":40},"skip":true},{"start":{"line":282,"column":20},"end":{"line":283,"column":39},"skip":true}]},"20":{"line":288,"type":"if","locations":[{"start":{"line":288,"column":8},"end":{"line":288,"column":8},"skip":true},{"start":{"line":288,"column":8},"end":{"line":288,"column":8},"skip":true}]},"21":{"line":288,"type":"binary-expr","locations":[{"start":{"line":288,"column":12},"end":{"line":288,"column":40},"skip":true},{"start":{"line":288,"column":44},"end":{"line":288,"column":67},"skip":true}]},"22":{"line":292,"type":"binary-expr","locations":[{"start":{"line":292,"column":12},"end":{"line":292,"column":50},"skip":true},{"start":{"line":293,"column":12},"end":{"line":293,"column":53},"skip":true}]},"23":{"line":297,"type":"binary-expr","locations":[{"start":{"line":297,"column":12},"end":{"line":297,"column":77},"skip":true},{"start":{"line":298,"column":12},"end":{"line":301,"column":36},"skip":true}]},"24":{"line":303,"type":"binary-expr","locations":[{"start":{"line":303,"column":43},"end":{"line":303,"column":75},"skip":true},{"start":{"line":303,"column":79},"end":{"line":303,"column":81},"skip":true}]},"25":{"line":306,"type":"if","locations":[{"start":{"line":306,"column":8},"end":{"line":306,"column":8},"skip":true},{"start":{"line":306,"column":8},"end":{"line":306,"column":8},"skip":true}]},"26":{"line":310,"type":"if","locations":[{"start":{"line":310,"column":8},"end":{"line":310,"column":8},"skip":true},{"start":{"line":310,"column":8},"end":{"line":310,"column":8},"skip":true}]},"27":{"line":313,"type":"binary-expr","locations":[{"start":{"line":313,"column":27},"end":{"line":313,"column":43},"skip":true},{"start":{"line":313,"column":47},"end":{"line":313,"column":53},"skip":true}]},"28":{"line":317,"type":"if","locations":[{"start":{"line":317,"column":12},"end":{"line":317,"column":12},"skip":true},{"start":{"line":317,"column":12},"end":{"line":317,"column":12},"skip":true}]}},"code":["/*","example.js","","quickstart example","","instruction","    1. save this script as example.js","    2. run the shell command:","        $ npm install npmtest-iphone-inline-video && PORT=8081 node example.js","    3. play with the browser-demo on http://127.0.0.1:8081","*/","","","","/* istanbul instrument in package npmtest_iphone_inline_video */","/*jslint","    bitwise: true,","    browser: true,","    maxerr: 8,","    maxlen: 96,","    node: true,","    nomen: true,","    regexp: true,","    stupid: true","*/","(function () {","    'use strict';","    var local;","","","","    // run shared js-env code - pre-init","    (function () {","        // init local","        local = {};","        // init modeJs","        local.modeJs = (function () {","            try {","                return typeof navigator.userAgent === 'string' &&","                    typeof document.querySelector('body') === 'object' &&","                    typeof XMLHttpRequest.prototype.open === 'function' &&","                    'browser';","            } catch (errorCaughtBrowser) {","                return module.exports &&","                    typeof process.versions.node === 'string' &&","                    typeof require('http').createServer === 'function' &&","                    'node';","            }","        }());","        // init global","        local.global = local.modeJs === 'browser'","            ? window","            : global;","        // init utility2_rollup","        local = local.global.utility2_rollup || (local.modeJs === 'browser'","            ? local.global.utility2_npmtest_iphone_inline_video","            : global.utility2_moduleExports);","        // export local","        local.global.local = local;","    }());","    switch (local.modeJs) {","","","","    // post-init","    // run browser js-env code - post-init","    /* istanbul ignore next */","    case 'browser':","        local.testRunBrowser = function (event) {","            if (!event || (event &&","                    event.currentTarget &&","                    event.currentTarget.className &&","                    event.currentTarget.className.includes &&","                    event.currentTarget.className.includes('onreset'))) {","                // reset output","                Array.from(","                    document.querySelectorAll('body > .resettable')","                ).forEach(function (element) {","                    switch (element.tagName) {","                    case 'INPUT':","                    case 'TEXTAREA':","                        element.value = '';","                        break;","                    default:","                        element.textContent = '';","                    }","                });","            }","            switch (event && event.currentTarget && event.currentTarget.id) {","            case 'testRunButton1':","                // show tests","                if (document.querySelector('#testReportDiv1').style.display === 'none') {","                    document.querySelector('#testReportDiv1').style.display = 'block';","                    document.querySelector('#testRunButton1').textContent =","                        'hide internal test';","                    local.modeTest = true;","                    local.testRunDefault(local);","                // hide tests","                } else {","                    document.querySelector('#testReportDiv1').style.display = 'none';","                    document.querySelector('#testRunButton1').textContent = 'run internal test';","                }","                break;","            // custom-case","            default:","                break;","            }","            if (document.querySelector('#inputTextareaEval1') && (!event || (event &&","                    event.currentTarget &&","                    event.currentTarget.className &&","                    event.currentTarget.className.includes &&","                    event.currentTarget.className.includes('oneval')))) {","                // try to eval input-code","                try {","                    /*jslint evil: true*/","                    eval(document.querySelector('#inputTextareaEval1').value);","                } catch (errorCaught) {","                    console.error(errorCaught);","                }","            }","        };","        // log stderr and stdout to #outputTextareaStdout1","        ['error', 'log'].forEach(function (key) {","            console[key + '_original'] = console[key];","            console[key] = function () {","                var element;","                console[key + '_original'].apply(console, arguments);","                element = document.querySelector('#outputTextareaStdout1');","                if (!element) {","                    return;","                }","                // append text to #outputTextareaStdout1","                element.value += Array.from(arguments).map(function (arg) {","                    return typeof arg === 'string'","                        ? arg","                        : JSON.stringify(arg, null, 4);","                }).join(' ') + '\\n';","                // scroll textarea to bottom","                element.scrollTop = element.scrollHeight;","            };","        });","        // init event-handling","        ['change', 'click', 'keyup'].forEach(function (event) {","            Array.from(document.querySelectorAll('.on' + event)).forEach(function (element) {","                element.addEventListener(event, local.testRunBrowser);","            });","        });","        // run tests","        local.testRunBrowser();","        break;","","","","    // run node js-env code - post-init","    /* istanbul ignore next */","    case 'node':","        // export local","        module.exports = local;","        // require modules","        local.fs = require('fs');","        local.http = require('http');","        local.url = require('url');","        // init assets","        local.assetsDict = local.assetsDict || {};","        /* jslint-ignore-begin */","        local.assetsDict['/assets.index.template.html'] = '\\","<!doctype html>\\n\\","<html lang=\"en\">\\n\\","<head>\\n\\","<meta charset=\"UTF-8\">\\n\\","<meta name=\"viewport\" content=\"width=device-width, initial-scale=1\">\\n\\","<title>{{env.npm_package_name}} (v{{env.npm_package_version}})</title>\\n\\","<style>\\n\\","/*csslint\\n\\","    box-sizing: false,\\n\\","    universal-selector: false\\n\\","*/\\n\\","* {\\n\\","    box-sizing: border-box;\\n\\","}\\n\\","body {\\n\\","    background: #dde;\\n\\","    font-family: Arial, Helvetica, sans-serif;\\n\\","    margin: 2rem;\\n\\","}\\n\\","body > * {\\n\\","    margin-bottom: 1rem;\\n\\","}\\n\\",".utility2FooterDiv {\\n\\","    margin-top: 20px;\\n\\","    text-align: center;\\n\\","}\\n\\","</style>\\n\\","<style>\\n\\","/*csslint\\n\\","*/\\n\\","textarea {\\n\\","    font-family: monospace;\\n\\","    height: 10rem;\\n\\","    width: 100%;\\n\\","}\\n\\","textarea[readonly] {\\n\\","    background: #ddd;\\n\\","}\\n\\","</style>\\n\\","</head>\\n\\","<body>\\n\\","<!-- utility2-comment\\n\\","<div id=\"ajaxProgressDiv1\" style=\"background: #d00; height: 2px; left: 0; margin: 0; padding: 0; position: fixed; top: 0; transition: background 0.5s, width 1.5s; width: 25%;\"></div>\\n\\","utility2-comment -->\\n\\","<h1>\\n\\","<!-- utility2-comment\\n\\","    <a\\n\\","        {{#if env.npm_package_homepage}}\\n\\","        href=\"{{env.npm_package_homepage}}\"\\n\\","        {{/if env.npm_package_homepage}}\\n\\","        target=\"_blank\"\\n\\","    >\\n\\","utility2-comment -->\\n\\","        {{env.npm_package_name}} (v{{env.npm_package_version}})\\n\\","<!-- utility2-comment\\n\\","    </a>\\n\\","utility2-comment -->\\n\\","</h1>\\n\\","<h3>{{env.npm_package_description}}</h3>\\n\\","<!-- utility2-comment\\n\\","<h4><a download href=\"assets.app.js\">download standalone app</a></h4>\\n\\","<button class=\"onclick onreset\" id=\"testRunButton1\">run internal test</button><br>\\n\\","<div id=\"testReportDiv1\" style=\"display: none;\"></div>\\n\\","utility2-comment -->\\n\\","\\n\\","\\n\\","\\n\\","<label>stderr and stdout</label>\\n\\","<textarea class=\"resettable\" id=\"outputTextareaStdout1\" readonly></textarea>\\n\\","<!-- utility2-comment\\n\\","{{#if isRollup}}\\n\\","<script src=\"assets.app.js\"></script>\\n\\","{{#unless isRollup}}\\n\\","utility2-comment -->\\n\\","<script src=\"assets.utility2.rollup.js\"></script>\\n\\","<script src=\"jsonp.utility2._stateInit?callback=window.utility2._stateInit\"></script>\\n\\","<script src=\"assets.npmtest_iphone_inline_video.rollup.js\"></script>\\n\\","<script src=\"assets.example.js\"></script>\\n\\","<script src=\"assets.test.js\"></script>\\n\\","<!-- utility2-comment\\n\\","{{/if isRollup}}\\n\\","utility2-comment -->\\n\\","<div class=\"utility2FooterDiv\">\\n\\","    [ this app was created with\\n\\","    <a href=\"https://github.com/kaizhu256/node-utility2\" target=\"_blank\">utility2</a>\\n\\","    ]\\n\\","</div>\\n\\","</body>\\n\\","</html>\\n\\","';","        /* jslint-ignore-end */","        if (local.templateRender) {","            local.assetsDict['/'] = local.templateRender(","                local.assetsDict['/assets.index.template.html'],","                {","                    env: local.objectSetDefault(local.env, {","                        npm_package_description: 'the greatest app in the world!',","                        npm_package_name: 'my-app',","                        npm_package_nameAlias: 'my_app',","                        npm_package_version: '0.0.1'","                    })","                }","            );","        } else {","            local.assetsDict['/'] = local.assetsDict['/assets.index.template.html']","                .replace((/\\{\\{env\\.(\\w+?)\\}\\}/g), function (match0, match1) {","                    // jslint-hack","                    String(match0);","                    switch (match1) {","                    case 'npm_package_description':","                        return 'the greatest app in the world!';","                    case 'npm_package_name':","                        return 'my-app';","                    case 'npm_package_nameAlias':","                        return 'my_app';","                    case 'npm_package_version':","                        return '0.0.1';","                    }","                });","        }","        // run the cli","        if (local.global.utility2_rollup || module !== require.main) {","            break;","        }","        local.assetsDict['/assets.example.js'] =","            local.assetsDict['/assets.example.js'] ||","            local.fs.readFileSync(__filename, 'utf8');","        // bug-workaround - long $npm_package_buildCustomOrg","        /* jslint-ignore-begin */","        local.assetsDict['/assets.npmtest_iphone_inline_video.rollup.js'] =","            local.assetsDict['/assets.npmtest_iphone_inline_video.rollup.js'] ||","            local.fs.readFileSync(","                local.npmtest_iphone_inline_video.__dirname + '/lib.npmtest_iphone_inline_video.js',","                'utf8'","            ).replace((/^#!/), '//');","        /* jslint-ignore-end */","        local.assetsDict['/favicon.ico'] = local.assetsDict['/favicon.ico'] || '';","        // if $npm_config_timeout_exit exists,","        // then exit this process after $npm_config_timeout_exit ms","        if (Number(process.env.npm_config_timeout_exit)) {","            setTimeout(process.exit, Number(process.env.npm_config_timeout_exit));","        }","        // start server","        if (local.global.utility2_serverHttp1) {","            break;","        }","        process.env.PORT = process.env.PORT || '8081';","        console.error('server starting on port ' + process.env.PORT);","        local.http.createServer(function (request, response) {","            request.urlParsed = local.url.parse(request.url);","            if (local.assetsDict[request.urlParsed.pathname] !== undefined) {","                response.end(local.assetsDict[request.urlParsed.pathname]);","                return;","            }","            response.statusCode = 404;","            response.end();","        }).listen(process.env.PORT);","        break;","    }","}());",""],"l":{"26":2,"28":2,"33":2,"35":2,"37":2,"38":2,"39":2,"44":1,"51":2,"55":2,"59":2,"61":2,"69":1,"70":2,"76":2,"79":2,"82":2,"83":2,"85":1,"89":2,"92":1,"93":1,"94":1,"96":1,"97":1,"100":1,"101":1,"103":1,"106":1,"108":2,"114":1,"116":1,"118":1,"123":1,"124":2,"125":2,"126":3,"127":3,"128":3,"129":3,"130":1,"133":3,"134":3,"139":3,"143":1,"144":3,"145":1,"149":1,"150":1,"158":1,"160":1,"161":1,"162":1,"164":1,"166":1,"258":1,"259":1,"271":1,"274":6,"275":6,"277":1,"279":2,"281":1,"283":2,"288":1,"289":1,"291":1,"296":1,"303":1,"306":1,"307":1,"310":1,"311":1,"313":1,"314":1,"315":1,"316":1,"317":1,"318":1,"319":1,"321":1,"322":1,"324":1}},"/home/travis/build/npmtest/node-npmtest-iphone-inline-video/node_modules/iphone-inline-video/dist/iphone-inline-video.common-js.js":{"path":"/home/travis/build/npmtest/node-npmtest-iphone-inline-video/node_modules/iphone-inline-video/dist/iphone-inline-video.common-js.js","s":{"1":1,"2":1,"3":1,"4":0,"5":0,"6":0,"7":0,"8":0,"9":1,"10":1,"11":0,"12":1,"13":0,"14":0,"15":0,"16":0,"17":1,"18":0,"19":0,"20":1,"21":0,"22":0,"23":1,"24":1,"25":1,"26":1,"27":1,"28":1,"29":0,"30":0,"31":0,"32":0,"33":0,"34":0,"35":0,"36":1,"37":1,"38":1,"39":1,"40":0,"41":0,"42":0,"43":0,"44":0,"45":0,"46":1,"47":0,"48":1,"49":0,"50":0,"51":0,"52":0,"53":0,"54":0,"55":0,"56":0,"57":0,"58":0,"59":0,"60":0,"61":1,"62":0,"63":0,"64":0,"65":0,"66":0,"67":0,"68":0,"69":0,"70":0,"71":0,"72":0,"73":0,"74":0,"75":0,"76":0,"77":0,"78":0,"79":0,"80":0,"81":1,"82":0,"83":0,"84":0,"85":0,"86":0,"87":0,"88":0,"89":0,"90":0,"91":0,"92":0,"93":0,"94":0,"95":0,"96":1,"97":0,"98":0,"99":0,"100":0,"101":0,"102":0,"103":0,"104":0,"105":0,"106":0,"107":0,"108":0,"109":0,"110":0,"111":0,"112":0,"113":0,"114":0,"115":0,"116":0,"117":0,"118":0,"119":0,"120":0,"121":0,"122":0,"123":0,"124":0,"125":0,"126":0,"127":0,"128":0,"129":0,"130":0,"131":0,"132":0,"133":1,"134":0,"135":0,"136":0,"137":0,"138":0,"139":0,"140":0,"141":0,"142":0,"143":0,"144":0,"145":0,"146":0,"147":0,"148":1,"149":0,"150":0,"151":0,"152":0,"153":0,"154":0,"155":0,"156":0,"157":0,"158":0,"159":0,"160":0,"161":0,"162":0,"163":0,"164":0,"165":0,"166":0,"167":1},"b":{"1":[0,0],"2":[0,0],"3":[1,0,0],"4":[0,0,0],"5":[0,0],"6":[0,0],"7":[0,0],"8":[0,0],"9":[0,0],"10":[0,0],"11":[0,0],"12":[0,0],"13":[0,0],"14":[0,0],"15":[0,0],"16":[0,0],"17":[0,0],"18":[0,0],"19":[0,0],"20":[0,0],"21":[0,0],"22":[0,0],"23":[0,0],"24":[0,0],"25":[0,0],"26":[0,0],"27":[0,0],"28":[0,0],"29":[0,0,0],"30":[0,0],"31":[0,0],"32":[0,0],"33":[0,0],"34":[0,0],"35":[0,0],"36":[0,0],"37":[0,0],"38":[0,0],"39":[0,0],"40":[0,0],"41":[0,0],"42":[0,0],"43":[0,0],"44":[0,0],"45":[0,0],"46":[0,0],"47":[0,0],"48":[0,0],"49":[0,0],"50":[0,0],"51":[0,0]},"f":{"1":0,"2":0,"3":0,"4":0,"5":0,"6":0,"7":0,"8":0,"9":0,"10":0,"11":0,"12":0,"13":0,"14":0,"15":0,"16":0,"17":0,"18":0,"19":0,"20":0,"21":0,"22":0,"23":0,"24":0,"25":0,"26":0},"fnMap":{"1":{"name":"preventEvent","line":6,"loc":{"start":{"line":6,"column":0},"end":{"line":6,"column":79}}},"2":{"name":"handler","line":7,"loc":{"start":{"line":7,"column":1},"end":{"line":7,"column":21}}},"3":{"name":"proxyProperty","line":22,"loc":{"start":{"line":22,"column":0},"end":{"line":22,"column":70}}},"4":{"name":"get","line":23,"loc":{"start":{"line":23,"column":1},"end":{"line":23,"column":16}}},"5":{"name":"set","line":26,"loc":{"start":{"line":26,"column":1},"end":{"line":26,"column":21}}},"6":{"name":"proxyEvent","line":37,"loc":{"start":{"line":37,"column":0},"end":{"line":37,"column":53}}},"7":{"name":"(anonymous_7)","line":38,"loc":{"start":{"line":38,"column":42},"end":{"line":38,"column":54}}},"8":{"name":"dispatchEventAsync","line":41,"loc":{"start":{"line":41,"column":0},"end":{"line":41,"column":43}}},"9":{"name":"(anonymous_9)","line":42,"loc":{"start":{"line":42,"column":24},"end":{"line":42,"column":36}}},"10":{"name":"getAudioFromVideo","line":58,"loc":{"start":{"line":58,"column":0},"end":{"line":58,"column":34}}},"11":{"name":"setTime","line":80,"loc":{"start":{"line":80,"column":0},"end":{"line":80,"column":44}}},"12":{"name":"isPlayerEnded","line":92,"loc":{"start":{"line":92,"column":0},"end":{"line":92,"column":31}}},"13":{"name":"update","line":96,"loc":{"start":{"line":96,"column":0},"end":{"line":96,"column":26}}},"14":{"name":"play","line":129,"loc":{"start":{"line":129,"column":0},"end":{"line":129,"column":16}}},"15":{"name":"pause","line":169,"loc":{"start":{"line":169,"column":0},"end":{"line":169,"column":28}}},"16":{"name":"addPlayer","line":202,"loc":{"start":{"line":202,"column":0},"end":{"line":202,"column":36}}},"17":{"name":"(anonymous_17)","line":212,"loc":{"start":{"line":212,"column":36},"end":{"line":212,"column":48}}},"18":{"name":"(anonymous_18)","line":222,"loc":{"start":{"line":222,"column":10},"end":{"line":222,"column":22}}},"19":{"name":"(anonymous_19)","line":225,"loc":{"start":{"line":225,"column":9},"end":{"line":225,"column":21}}},"20":{"name":"(anonymous_20)","line":232,"loc":{"start":{"line":232,"column":12},"end":{"line":232,"column":15}}},"21":{"name":"(anonymous_21)","line":239,"loc":{"start":{"line":239,"column":35},"end":{"line":239,"column":47}}},"22":{"name":"(anonymous_22)","line":256,"loc":{"start":{"line":256,"column":49},"end":{"line":256,"column":61}}},"23":{"name":"(anonymous_23)","line":271,"loc":{"start":{"line":271,"column":48},"end":{"line":271,"column":60}}},"24":{"name":"(anonymous_24)","line":278,"loc":{"start":{"line":278,"column":36},"end":{"line":278,"column":48}}},"25":{"name":"overloadAPI","line":287,"loc":{"start":{"line":287,"column":0},"end":{"line":287,"column":28}}},"26":{"name":"enableInlineVideo","line":304,"loc":{"start":{"line":304,"column":0},"end":{"line":304,"column":40}}}},"statementMap":{"1":{"start":{"line":4,"column":0},"end":{"line":4,"column":47}},"2":{"start":{"line":6,"column":0},"end":{"line":20,"column":1}},"3":{"start":{"line":7,"column":1},"end":{"line":13,"column":2}},"4":{"start":{"line":8,"column":2},"end":{"line":11,"column":3}},"5":{"start":{"line":9,"column":3},"end":{"line":9,"column":32}},"6":{"start":{"line":12,"column":2},"end":{"line":12,"column":33}},"7":{"start":{"line":14,"column":1},"end":{"line":14,"column":53}},"8":{"start":{"line":19,"column":1},"end":{"line":19,"column":16}},"9":{"start":{"line":22,"column":0},"end":{"line":35,"column":1}},"10":{"start":{"line":23,"column":1},"end":{"line":25,"column":2}},"11":{"start":{"line":24,"column":2},"end":{"line":24,"column":36}},"12":{"start":{"line":26,"column":1},"end":{"line":28,"column":2}},"13":{"start":{"line":27,"column":2},"end":{"line":27,"column":37}},"14":{"start":{"line":30,"column":1},"end":{"line":32,"column":2}},"15":{"start":{"line":31,"column":2},"end":{"line":31,"column":28}},"16":{"start":{"line":34,"column":1},"end":{"line":34,"column":67}},"17":{"start":{"line":37,"column":0},"end":{"line":39,"column":1}},"18":{"start":{"line":38,"column":1},"end":{"line":38,"column":110}},"19":{"start":{"line":38,"column":56},"end":{"line":38,"column":106}},"20":{"start":{"line":41,"column":0},"end":{"line":45,"column":1}},"21":{"start":{"line":42,"column":1},"end":{"line":44,"column":4}},"22":{"start":{"line":43,"column":2},"end":{"line":43,"column":41}},"23":{"start":{"line":47,"column":0},"end":{"line":47,"column":140}},"24":{"start":{"line":49,"column":0},"end":{"line":49,"column":39}},"25":{"start":{"line":50,"column":0},"end":{"line":50,"column":50}},"26":{"start":{"line":51,"column":0},"end":{"line":51,"column":54}},"27":{"start":{"line":52,"column":0},"end":{"line":52,"column":56}},"28":{"start":{"line":58,"column":0},"end":{"line":74,"column":1}},"29":{"start":{"line":59,"column":1},"end":{"line":59,"column":25}},"30":{"start":{"line":60,"column":1},"end":{"line":60,"column":34}},"31":{"start":{"line":61,"column":1},"end":{"line":61,"column":37}},"32":{"start":{"line":62,"column":1},"end":{"line":62,"column":35}},"33":{"start":{"line":63,"column":1},"end":{"line":63,"column":39}},"34":{"start":{"line":68,"column":1},"end":{"line":68,"column":54}},"35":{"start":{"line":73,"column":1},"end":{"line":73,"column":14}},"36":{"start":{"line":76,"column":0},"end":{"line":76,"column":22}},"37":{"start":{"line":77,"column":0},"end":{"line":77,"column":21}},"38":{"start":{"line":78,"column":0},"end":{"line":78,"column":24}},"39":{"start":{"line":80,"column":0},"end":{"line":90,"column":1}},"40":{"start":{"line":82,"column":1},"end":{"line":85,"column":2}},"41":{"start":{"line":83,"column":2},"end":{"line":83,"column":23}},"42":{"start":{"line":84,"column":2},"end":{"line":84,"column":35}},"43":{"start":{"line":86,"column":1},"end":{"line":88,"column":2}},"44":{"start":{"line":87,"column":2},"end":{"line":87,"column":27}},"45":{"start":{"line":89,"column":1},"end":{"line":89,"column":57}},"46":{"start":{"line":92,"column":0},"end":{"line":94,"column":1}},"47":{"start":{"line":93,"column":1},"end":{"line":93,"column":59}},"48":{"start":{"line":96,"column":0},"end":{"line":123,"column":1}},"49":{"start":{"line":97,"column":1},"end":{"line":97,"column":19}},"50":{"start":{"line":99,"column":1},"end":{"line":115,"column":2}},"51":{"start":{"line":100,"column":2},"end":{"line":105,"column":3}},"52":{"start":{"line":101,"column":3},"end":{"line":101,"column":106}},"53":{"start":{"line":102,"column":3},"end":{"line":104,"column":4}},"54":{"start":{"line":103,"column":4},"end":{"line":103,"column":34}},"55":{"start":{"line":106,"column":2},"end":{"line":106,"column":51}},"56":{"start":{"line":107,"column":8},"end":{"line":115,"column":2}},"57":{"start":{"line":113,"column":2},"end":{"line":113,"column":22}},"58":{"start":{"line":119,"column":1},"end":{"line":122,"column":2}},"59":{"start":{"line":120,"column":2},"end":{"line":120,"column":30}},"60":{"start":{"line":121,"column":2},"end":{"line":121,"column":27}},"61":{"start":{"line":129,"column":0},"end":{"line":168,"column":1}},"62":{"start":{"line":131,"column":1},"end":{"line":131,"column":18}},"63":{"start":{"line":132,"column":1},"end":{"line":132,"column":23}},"64":{"start":{"line":135,"column":1},"end":{"line":138,"column":2}},"65":{"start":{"line":136,"column":2},"end":{"line":136,"column":17}},"66":{"start":{"line":137,"column":2},"end":{"line":137,"column":9}},"67":{"start":{"line":140,"column":1},"end":{"line":144,"column":2}},"68":{"start":{"line":142,"column":2},"end":{"line":142,"column":26}},"69":{"start":{"line":143,"column":2},"end":{"line":143,"column":32}},"70":{"start":{"line":146,"column":1},"end":{"line":148,"column":2}},"71":{"start":{"line":147,"column":2},"end":{"line":147,"column":9}},"72":{"start":{"line":149,"column":1},"end":{"line":149,"column":23}},"73":{"start":{"line":151,"column":1},"end":{"line":156,"column":2}},"74":{"start":{"line":155,"column":2},"end":{"line":155,"column":15}},"75":{"start":{"line":158,"column":1},"end":{"line":158,"column":22}},"76":{"start":{"line":159,"column":1},"end":{"line":159,"column":24}},"77":{"start":{"line":161,"column":1},"end":{"line":167,"column":2}},"78":{"start":{"line":162,"column":2},"end":{"line":162,"column":36}},"79":{"start":{"line":163,"column":2},"end":{"line":166,"column":3}},"80":{"start":{"line":165,"column":3},"end":{"line":165,"column":40}},"81":{"start":{"line":169,"column":0},"end":{"line":196,"column":1}},"82":{"start":{"line":171,"column":1},"end":{"line":171,"column":18}},"83":{"start":{"line":172,"column":1},"end":{"line":172,"column":23}},"84":{"start":{"line":174,"column":1},"end":{"line":174,"column":23}},"85":{"start":{"line":175,"column":1},"end":{"line":175,"column":23}},"86":{"start":{"line":180,"column":1},"end":{"line":182,"column":2}},"87":{"start":{"line":181,"column":2},"end":{"line":181,"column":18}},"88":{"start":{"line":184,"column":1},"end":{"line":186,"column":2}},"89":{"start":{"line":185,"column":2},"end":{"line":185,"column":9}},"90":{"start":{"line":188,"column":1},"end":{"line":188,"column":22}},"91":{"start":{"line":189,"column":1},"end":{"line":191,"column":2}},"92":{"start":{"line":190,"column":2},"end":{"line":190,"column":37}},"93":{"start":{"line":192,"column":1},"end":{"line":195,"column":2}},"94":{"start":{"line":193,"column":2},"end":{"line":193,"column":23}},"95":{"start":{"line":194,"column":2},"end":{"line":194,"column":37}},"96":{"start":{"line":202,"column":0},"end":{"line":285,"column":1}},"97":{"start":{"line":203,"column":1},"end":{"line":203,"column":28}},"98":{"start":{"line":204,"column":1},"end":{"line":204,"column":22}},"99":{"start":{"line":205,"column":1},"end":{"line":205,"column":28}},"100":{"start":{"line":206,"column":1},"end":{"line":206,"column":22}},"101":{"start":{"line":207,"column":1},"end":{"line":207,"column":74}},"102":{"start":{"line":209,"column":1},"end":{"line":236,"column":2}},"103":{"start":{"line":210,"column":2},"end":{"line":210,"column":43}},"104":{"start":{"line":212,"column":2},"end":{"line":217,"column":5}},"105":{"start":{"line":213,"column":3},"end":{"line":216,"column":4}},"106":{"start":{"line":215,"column":4},"end":{"line":215,"column":41}},"107":{"start":{"line":218,"column":2},"end":{"line":235,"column":4}},"108":{"start":{"line":223,"column":4},"end":{"line":223,"column":32}},"109":{"start":{"line":226,"column":4},"end":{"line":226,"column":33}},"110":{"start":{"line":228,"column":4},"end":{"line":230,"column":5}},"111":{"start":{"line":229,"column":5},"end":{"line":229,"column":23}},"112":{"start":{"line":233,"column":4},"end":{"line":233,"column":33}},"113":{"start":{"line":239,"column":1},"end":{"line":253,"column":11}},"114":{"start":{"line":241,"column":2},"end":{"line":241,"column":69}},"115":{"start":{"line":242,"column":2},"end":{"line":252,"column":3}},"116":{"start":{"line":244,"column":3},"end":{"line":244,"column":27}},"117":{"start":{"line":245,"column":3},"end":{"line":245,"column":33}},"118":{"start":{"line":247,"column":3},"end":{"line":251,"column":4}},"119":{"start":{"line":248,"column":4},"end":{"line":248,"column":25}},"120":{"start":{"line":250,"column":4},"end":{"line":250,"column":26}},"121":{"start":{"line":256,"column":1},"end":{"line":269,"column":4}},"122":{"start":{"line":257,"column":2},"end":{"line":268,"column":3}},"123":{"start":{"line":259,"column":3},"end":{"line":259,"column":17}},"124":{"start":{"line":262,"column":3},"end":{"line":262,"column":18}},"125":{"start":{"line":263,"column":9},"end":{"line":268,"column":3}},"126":{"start":{"line":267,"column":3},"end":{"line":267,"column":24}},"127":{"start":{"line":270,"column":1},"end":{"line":284,"column":2}},"128":{"start":{"line":271,"column":2},"end":{"line":275,"column":5}},"129":{"start":{"line":273,"column":3},"end":{"line":273,"column":49}},"130":{"start":{"line":278,"column":2},"end":{"line":283,"column":5}},"131":{"start":{"line":279,"column":3},"end":{"line":282,"column":4}},"132":{"start":{"line":281,"column":4},"end":{"line":281,"column":50}},"133":{"start":{"line":287,"column":0},"end":{"line":302,"column":1}},"134":{"start":{"line":288,"column":1},"end":{"line":288,"column":23}},"135":{"start":{"line":289,"column":1},"end":{"line":289,"column":27}},"136":{"start":{"line":290,"column":1},"end":{"line":290,"column":29}},"137":{"start":{"line":291,"column":1},"end":{"line":291,"column":19}},"138":{"start":{"line":292,"column":1},"end":{"line":292,"column":21}},"139":{"start":{"line":293,"column":1},"end":{"line":293,"column":47}},"140":{"start":{"line":294,"column":1},"end":{"line":294,"column":52}},"141":{"start":{"line":295,"column":1},"end":{"line":295,"column":59}},"142":{"start":{"line":296,"column":1},"end":{"line":296,"column":46}},"143":{"start":{"line":297,"column":1},"end":{"line":297,"column":51}},"144":{"start":{"line":298,"column":1},"end":{"line":298,"column":32}},"145":{"start":{"line":299,"column":1},"end":{"line":299,"column":31}},"146":{"start":{"line":300,"column":1},"end":{"line":300,"column":50}},"147":{"start":{"line":301,"column":1},"end":{"line":301,"column":45}},"148":{"start":{"line":304,"column":0},"end":{"line":342,"column":1}},"149":{"start":{"line":305,"column":1},"end":{"line":305,"column":34}},"150":{"start":{"line":305,"column":24},"end":{"line":305,"column":34}},"151":{"start":{"line":308,"column":1},"end":{"line":310,"column":2}},"152":{"start":{"line":309,"column":2},"end":{"line":309,"column":9}},"153":{"start":{"line":313,"column":1},"end":{"line":323,"column":2}},"154":{"start":{"line":315,"column":2},"end":{"line":317,"column":3}},"155":{"start":{"line":316,"column":3},"end":{"line":316,"column":10}},"156":{"start":{"line":320,"column":2},"end":{"line":322,"column":3}},"157":{"start":{"line":321,"column":3},"end":{"line":321,"column":10}},"158":{"start":{"line":326,"column":1},"end":{"line":328,"column":2}},"159":{"start":{"line":327,"column":2},"end":{"line":327,"column":16}},"160":{"start":{"line":330,"column":1},"end":{"line":330,"column":32}},"161":{"start":{"line":331,"column":1},"end":{"line":331,"column":20}},"162":{"start":{"line":332,"column":1},"end":{"line":332,"column":28}},"163":{"start":{"line":335,"column":1},"end":{"line":337,"column":2}},"164":{"start":{"line":336,"column":2},"end":{"line":336,"column":15}},"165":{"start":{"line":339,"column":1},"end":{"line":341,"column":2}},"166":{"start":{"line":340,"column":2},"end":{"line":340,"column":89}},"167":{"start":{"line":344,"column":0},"end":{"line":344,"column":35}}},"branchMap":{"1":{"line":8,"type":"if","locations":[{"start":{"line":8,"column":2},"end":{"line":8,"column":2}},{"start":{"line":8,"column":2},"end":{"line":8,"column":2}}]},"2":{"line":30,"type":"if","locations":[{"start":{"line":30,"column":1},"end":{"line":30,"column":1}},{"start":{"line":30,"column":1},"end":{"line":30,"column":1}}]},"3":{"line":47,"type":"binary-expr","locations":[{"start":{"line":47,"column":14},"end":{"line":47,"column":42}},{"start":{"line":47,"column":46},"end":{"line":47,"column":81}},{"start":{"line":47,"column":85},"end":{"line":47,"column":139}}]},"4":{"line":68,"type":"binary-expr","locations":[{"start":{"line":68,"column":13},"end":{"line":68,"column":22}},{"start":{"line":68,"column":26},"end":{"line":68,"column":42}},{"start":{"line":68,"column":46},"end":{"line":68,"column":53}}]},"5":{"line":82,"type":"if","locations":[{"start":{"line":82,"column":1},"end":{"line":82,"column":1}},{"start":{"line":82,"column":1},"end":{"line":82,"column":1}}]},"6":{"line":82,"type":"binary-expr","locations":[{"start":{"line":82,"column":6},"end":{"line":82,"column":25}},{"start":{"line":82,"column":29},"end":{"line":82,"column":30}}]},"7":{"line":86,"type":"if","locations":[{"start":{"line":86,"column":1},"end":{"line":86,"column":1}},{"start":{"line":86,"column":1},"end":{"line":86,"column":1}}]},"8":{"line":99,"type":"if","locations":[{"start":{"line":99,"column":1},"end":{"line":99,"column":1}},{"start":{"line":99,"column":1},"end":{"line":99,"column":1}}]},"9":{"line":100,"type":"if","locations":[{"start":{"line":100,"column":2},"end":{"line":100,"column":2}},{"start":{"line":100,"column":2},"end":{"line":100,"column":2}}]},"10":{"line":102,"type":"if","locations":[{"start":{"line":102,"column":3},"end":{"line":102,"column":3}},{"start":{"line":102,"column":3},"end":{"line":102,"column":3}}]},"11":{"line":102,"type":"binary-expr","locations":[{"start":{"line":102,"column":7},"end":{"line":102,"column":24}},{"start":{"line":102,"column":28},"end":{"line":102,"column":49}}]},"12":{"line":107,"type":"if","locations":[{"start":{"line":107,"column":8},"end":{"line":107,"column":8}},{"start":{"line":107,"column":8},"end":{"line":107,"column":8}}]},"13":{"line":107,"type":"binary-expr","locations":[{"start":{"line":107,"column":12},"end":{"line":107,"column":67}},{"start":{"line":107,"column":71},"end":{"line":107,"column":105}}]},"14":{"line":119,"type":"if","locations":[{"start":{"line":119,"column":1},"end":{"line":119,"column":1}},{"start":{"line":119,"column":1},"end":{"line":119,"column":1}}]},"15":{"line":135,"type":"if","locations":[{"start":{"line":135,"column":1},"end":{"line":135,"column":1}},{"start":{"line":135,"column":1},"end":{"line":135,"column":1}}]},"16":{"line":140,"type":"if","locations":[{"start":{"line":140,"column":1},"end":{"line":140,"column":1}},{"start":{"line":140,"column":1},"end":{"line":140,"column":1}}]},"17":{"line":140,"type":"binary-expr","locations":[{"start":{"line":140,"column":5},"end":{"line":140,"column":34}},{"start":{"line":140,"column":38},"end":{"line":140,"column":69}}]},"18":{"line":146,"type":"if","locations":[{"start":{"line":146,"column":1},"end":{"line":146,"column":1}},{"start":{"line":146,"column":1},"end":{"line":146,"column":1}}]},"19":{"line":151,"type":"if","locations":[{"start":{"line":151,"column":1},"end":{"line":151,"column":1}},{"start":{"line":151,"column":1},"end":{"line":151,"column":1}}]},"20":{"line":161,"type":"if","locations":[{"start":{"line":161,"column":1},"end":{"line":161,"column":1}},{"start":{"line":161,"column":1},"end":{"line":161,"column":1}}]},"21":{"line":163,"type":"if","locations":[{"start":{"line":163,"column":2},"end":{"line":163,"column":2}},{"start":{"line":163,"column":2},"end":{"line":163,"column":2}}]},"22":{"line":180,"type":"if","locations":[{"start":{"line":180,"column":1},"end":{"line":180,"column":1}},{"start":{"line":180,"column":1},"end":{"line":180,"column":1}}]},"23":{"line":184,"type":"if","locations":[{"start":{"line":184,"column":1},"end":{"line":184,"column":1}},{"start":{"line":184,"column":1},"end":{"line":184,"column":1}}]},"24":{"line":184,"type":"binary-expr","locations":[{"start":{"line":184,"column":5},"end":{"line":184,"column":18}},{"start":{"line":184,"column":22},"end":{"line":184,"column":34}}]},"25":{"line":189,"type":"if","locations":[{"start":{"line":189,"column":1},"end":{"line":189,"column":1}},{"start":{"line":189,"column":1},"end":{"line":189,"column":1}}]},"26":{"line":192,"type":"if","locations":[{"start":{"line":192,"column":1},"end":{"line":192,"column":1}},{"start":{"line":192,"column":1},"end":{"line":192,"column":1}}]},"27":{"line":209,"type":"if","locations":[{"start":{"line":209,"column":1},"end":{"line":209,"column":1}},{"start":{"line":209,"column":1},"end":{"line":209,"column":1}}]},"28":{"line":213,"type":"if","locations":[{"start":{"line":213,"column":3},"end":{"line":213,"column":3}},{"start":{"line":213,"column":3},"end":{"line":213,"column":3}}]},"29":{"line":219,"type":"binary-expr","locations":[{"start":{"line":219,"column":8},"end":{"line":219,"column":17}},{"start":{"line":219,"column":21},"end":{"line":219,"column":37}},{"start":{"line":219,"column":41},"end":{"line":219,"column":48}}]},"30":{"line":228,"type":"if","locations":[{"start":{"line":228,"column":4},"end":{"line":228,"column":4}},{"start":{"line":228,"column":4},"end":{"line":228,"column":4}}]},"31":{"line":241,"type":"binary-expr","locations":[{"start":{"line":241,"column":17},"end":{"line":241,"column":35}},{"start":{"line":241,"column":39},"end":{"line":241,"column":68}}]},"32":{"line":242,"type":"if","locations":[{"start":{"line":242,"column":2},"end":{"line":242,"column":2}},{"start":{"line":242,"column":2},"end":{"line":242,"column":2}}]},"33":{"line":242,"type":"binary-expr","locations":[{"start":{"line":242,"column":6},"end":{"line":242,"column":23}},{"start":{"line":242,"column":27},"end":{"line":242,"column":58}}]},"34":{"line":247,"type":"if","locations":[{"start":{"line":247,"column":3},"end":{"line":247,"column":3}},{"start":{"line":247,"column":3},"end":{"line":247,"column":3}}]},"35":{"line":257,"type":"if","locations":[{"start":{"line":257,"column":2},"end":{"line":257,"column":2}},{"start":{"line":257,"column":2},"end":{"line":257,"column":2}}]},"36":{"line":263,"type":"if","locations":[{"start":{"line":263,"column":9},"end":{"line":263,"column":9}},{"start":{"line":263,"column":9},"end":{"line":263,"column":9}}]},"37":{"line":263,"type":"binary-expr","locations":[{"start":{"line":263,"column":13},"end":{"line":263,"column":21}},{"start":{"line":263,"column":25},"end":{"line":263,"column":60}}]},"38":{"line":270,"type":"if","locations":[{"start":{"line":270,"column":1},"end":{"line":270,"column":1}},{"start":{"line":270,"column":1},"end":{"line":270,"column":1}}]},"39":{"line":279,"type":"if","locations":[{"start":{"line":279,"column":3},"end":{"line":279,"column":3}},{"start":{"line":279,"column":3},"end":{"line":279,"column":3}}]},"40":{"line":305,"type":"if","locations":[{"start":{"line":305,"column":1},"end":{"line":305,"column":1}},{"start":{"line":305,"column":1},"end":{"line":305,"column":1}}]},"41":{"line":308,"type":"if","locations":[{"start":{"line":308,"column":1},"end":{"line":308,"column":1}},{"start":{"line":308,"column":1},"end":{"line":308,"column":1}}]},"42":{"line":313,"type":"if","locations":[{"start":{"line":313,"column":1},"end":{"line":313,"column":1}},{"start":{"line":313,"column":1},"end":{"line":313,"column":1}}]},"43":{"line":315,"type":"if","locations":[{"start":{"line":315,"column":2},"end":{"line":315,"column":2}},{"start":{"line":315,"column":2},"end":{"line":315,"column":2}}]},"44":{"line":320,"type":"if","locations":[{"start":{"line":320,"column":2},"end":{"line":320,"column":2}},{"start":{"line":320,"column":2},"end":{"line":320,"column":2}}]},"45":{"line":320,"type":"cond-expr","locations":[{"start":{"line":320,"column":33},"end":{"line":320,"column":51}},{"start":{"line":320,"column":54},"end":{"line":320,"column":67}}]},"46":{"line":320,"type":"binary-expr","locations":[{"start":{"line":320,"column":8},"end":{"line":320,"column":17}},{"start":{"line":320,"column":21},"end":{"line":320,"column":30}}]},"47":{"line":326,"type":"if","locations":[{"start":{"line":326,"column":1},"end":{"line":326,"column":1}},{"start":{"line":326,"column":1},"end":{"line":326,"column":1}}]},"48":{"line":326,"type":"binary-expr","locations":[{"start":{"line":326,"column":5},"end":{"line":326,"column":18}},{"start":{"line":326,"column":22},"end":{"line":326,"column":54}}]},"49":{"line":335,"type":"if","locations":[{"start":{"line":335,"column":1},"end":{"line":335,"column":1}},{"start":{"line":335,"column":1},"end":{"line":335,"column":1}}]},"50":{"line":335,"type":"binary-expr","locations":[{"start":{"line":335,"column":5},"end":{"line":335,"column":16}},{"start":{"line":335,"column":20},"end":{"line":335,"column":34}}]},"51":{"line":339,"type":"if","locations":[{"start":{"line":339,"column":1},"end":{"line":339,"column":1}},{"start":{"line":339,"column":1},"end":{"line":339,"column":1}}]}},"code":["/*! npm.im/iphone-inline-video 2.0.2 */","'use strict';","","var intervalometer = require('intervalometer');","","function preventEvent(element, eventName, toggleProperty, preventWithProperty) {","\tfunction handler(e) {","\t\tif (Boolean(element[toggleProperty]) === Boolean(preventWithProperty)) {","\t\t\te.stopImmediatePropagation();","\t\t\t// console.log(eventName, 'prevented on', element);","\t\t}","\t\tdelete element[toggleProperty];","\t}","\telement.addEventListener(eventName, handler, false);","","\t// Return handler to allow to disable the prevention. Usage:","\t// const preventionHandler = preventEvent(el, 'click');","\t// el.removeEventHandler('click', preventionHandler);","\treturn handler;","}","","function proxyProperty(object, propertyName, sourceObject, copyFirst) {","\tfunction get() {","\t\treturn sourceObject[propertyName];","\t}","\tfunction set(value) {","\t\tsourceObject[propertyName] = value;","\t}","","\tif (copyFirst) {","\t\tset(object[propertyName]);","\t}","","\tObject.defineProperty(object, propertyName, {get: get, set: set});","}","","function proxyEvent(object, eventName, sourceObject) {","\tsourceObject.addEventListener(eventName, function () { return object.dispatchEvent(new Event(eventName)); });","}","","function dispatchEventAsync(element, type) {","\tPromise.resolve().then(function () {","\t\telement.dispatchEvent(new Event(type));","\t});","}","","var iOS8or9 = typeof document === 'object' && 'object-fit' in document.head.style && !matchMedia('(-webkit-video-playable-inline)').matches;","","var ಠ = 'bfred-it:iphone-inline-video';","var ಠevent = 'bfred-it:iphone-inline-video:event';","var ಠplay = 'bfred-it:iphone-inline-video:nativeplay';","var ಠpause = 'bfred-it:iphone-inline-video:nativepause';","","/**"," * UTILS"," */","","function getAudioFromVideo(video) {","\tvar audio = new Audio();","\tproxyEvent(video, 'play', audio);","\tproxyEvent(video, 'playing', audio);","\tproxyEvent(video, 'pause', audio);","\taudio.crossOrigin = video.crossOrigin;","","\t// 'data:' causes audio.networkState > 0","\t// which then allows to keep <audio> in a resumable playing state","\t// i.e. once you set a real src it will keep playing if it was if .play() was called","\taudio.src = video.src || video.currentSrc || 'data:';","","\t// if (audio.src === 'data:') {","\t//   TODO: wait for video to be selected","\t// }","\treturn audio;","}","","var lastRequests = [];","var requestIndex = 0;","var lastTimeupdateEvent;","","function setTime(video, time, rememberOnly) {","\t// allow one timeupdate event every 200+ ms","\tif ((lastTimeupdateEvent || 0) + 200 < Date.now()) {","\t\tvideo[ಠevent] = true;","\t\tlastTimeupdateEvent = Date.now();","\t}","\tif (!rememberOnly) {","\t\tvideo.currentTime = time;","\t}","\tlastRequests[++requestIndex % 3] = time * 100 | 0 / 100;","}","","function isPlayerEnded(player) {","\treturn player.driver.currentTime >= player.video.duration;","}","","function update(timeDiff) {","\tvar player = this;","\t// console.log('update', player.video.readyState, player.video.networkState, player.driver.readyState, player.driver.networkState, player.driver.paused);","\tif (player.video.readyState >= player.video.HAVE_FUTURE_DATA) {","\t\tif (!player.hasAudio) {","\t\t\tplayer.driver.currentTime = player.video.currentTime + ((timeDiff * player.video.playbackRate) / 1000);","\t\t\tif (player.video.loop && isPlayerEnded(player)) {","\t\t\t\tplayer.driver.currentTime = 0;","\t\t\t}","\t\t}","\t\tsetTime(player.video, player.driver.currentTime);","\t} else if (player.video.networkState === player.video.NETWORK_IDLE && player.video.buffered.length === 0) {","\t\t// this should happen when the source is available but:","\t\t// - it's potentially playing (.paused === false)","\t\t// - it's not ready to play","\t\t// - it's not loading","\t\t// If it hasAudio, that will be loaded in the 'emptied' handler below","\t\tplayer.video.load();","\t\t// console.log('Will load');","\t}","","\t// console.assert(player.video.currentTime === player.driver.currentTime, 'Video not updating!');","","\tif (player.video.ended) {","\t\tdelete player.video[ಠevent]; // allow timeupdate event","\t\tplayer.video.pause(true);","\t}","}","","/**"," * METHODS"," */","","function play() {","\t// console.log('play');","\tvar video = this;","\tvar player = video[ಠ];","","\t// if it's fullscreen, use the native player","\tif (video.webkitDisplayingFullscreen) {","\t\tvideo[ಠplay]();","\t\treturn;","\t}","","\tif (player.driver.src !== 'data:' && player.driver.src !== video.src) {","\t\t// console.log('src changed on play', video.src);","\t\tsetTime(video, 0, true);","\t\tplayer.driver.src = video.src;","\t}","","\tif (!video.paused) {","\t\treturn;","\t}","\tplayer.paused = false;","","\tif (video.buffered.length === 0) {","\t\t// .load() causes the emptied event","\t\t// the alternative is .play()+.pause() but that triggers play/pause events, even worse","\t\t// possibly the alternative is preventing this event only once","\t\tvideo.load();","\t}","","\tplayer.driver.play();","\tplayer.updater.start();","","\tif (!player.hasAudio) {","\t\tdispatchEventAsync(video, 'play');","\t\tif (player.video.readyState >= player.video.HAVE_ENOUGH_DATA) {","\t\t\t// console.log('onplay');","\t\t\tdispatchEventAsync(video, 'playing');","\t\t}","\t}","}","function pause(forceEvents) {","\t// console.log('pause');","\tvar video = this;","\tvar player = video[ಠ];","","\tplayer.driver.pause();","\tplayer.updater.stop();","","\t// if it's fullscreen, the developer the native player.pause()","\t// This is at the end of pause() because it also","\t// needs to make sure that the simulation is paused","\tif (video.webkitDisplayingFullscreen) {","\t\tvideo[ಠpause]();","\t}","","\tif (player.paused && !forceEvents) {","\t\treturn;","\t}","","\tplayer.paused = true;","\tif (!player.hasAudio) {","\t\tdispatchEventAsync(video, 'pause');","\t}","\tif (video.ended) {","\t\tvideo[ಠevent] = true;","\t\tdispatchEventAsync(video, 'ended');","\t}","}","","/**"," * SETUP"," */","","function addPlayer(video, hasAudio) {","\tvar player = video[ಠ] = {};","\tplayer.paused = true; // track whether 'pause' events have been fired","\tplayer.hasAudio = hasAudio;","\tplayer.video = video;","\tplayer.updater = intervalometer.frameIntervalometer(update.bind(player));","","\tif (hasAudio) {","\t\tplayer.driver = getAudioFromVideo(video);","\t} else {","\t\tvideo.addEventListener('canplay', function () {","\t\t\tif (!video.paused) {","\t\t\t\t// console.log('oncanplay');","\t\t\t\tdispatchEventAsync(video, 'playing');","\t\t\t}","\t\t});","\t\tplayer.driver = {","\t\t\tsrc: video.src || video.currentSrc || 'data:',","\t\t\tmuted: true,","\t\t\tpaused: true,","\t\t\tpause: function () {","\t\t\t\tplayer.driver.paused = true;","\t\t\t},","\t\t\tplay: function () {","\t\t\t\tplayer.driver.paused = false;","\t\t\t\t// media automatically goes to 0 if .play() is called when it's done","\t\t\t\tif (isPlayerEnded(player)) {","\t\t\t\t\tsetTime(video, 0);","\t\t\t\t}","\t\t\t},","\t\t\tget ended() {","\t\t\t\treturn isPlayerEnded(player);","\t\t\t}","\t\t};","\t}","","\t// .load() causes the emptied event","\tvideo.addEventListener('emptied', function () {","\t\t// console.log('driver src is', player.driver.src);","\t\tvar wasEmpty = !player.driver.src || player.driver.src === 'data:';","\t\tif (player.driver.src && player.driver.src !== video.src) {","\t\t\t// console.log('src changed to', video.src);","\t\t\tsetTime(video, 0, true);","\t\t\tplayer.driver.src = video.src;","\t\t\t// playing videos will only keep playing if no src was present when .play()’ed","\t\t\tif (wasEmpty) {","\t\t\t\tplayer.driver.play();","\t\t\t} else {","\t\t\t\tplayer.updater.stop();","\t\t\t}","\t\t}","\t}, false);","","\t// stop programmatic player when OS takes over","\tvideo.addEventListener('webkitbeginfullscreen', function () {","\t\tif (!video.paused) {","\t\t\t// make sure that the <audio> and the syncer/updater are stopped","\t\t\tvideo.pause();","","\t\t\t// play video natively","\t\t\tvideo[ಠplay]();","\t\t} else if (hasAudio && player.driver.buffered.length === 0) {","\t\t\t// if the first play is native,","\t\t\t// the <audio> needs to be buffered manually","\t\t\t// so when the fullscreen ends, it can be set to the same current time","\t\t\tplayer.driver.load();","\t\t}","\t});","\tif (hasAudio) {","\t\tvideo.addEventListener('webkitendfullscreen', function () {","\t\t\t// sync audio to new video position","\t\t\tplayer.driver.currentTime = video.currentTime;","\t\t\t// console.assert(player.driver.currentTime === video.currentTime, 'Audio not synced');","\t\t});","","\t\t// allow seeking","\t\tvideo.addEventListener('seeking', function () {","\t\t\tif (lastRequests.indexOf(video.currentTime * 100 | 0 / 100) < 0) {","\t\t\t\t// console.log('User-requested seeking');","\t\t\t\tplayer.driver.currentTime = video.currentTime;","\t\t\t}","\t\t});","\t}","}","","function overloadAPI(video) {","\tvar player = video[ಠ];","\tvideo[ಠplay] = video.play;","\tvideo[ಠpause] = video.pause;","\tvideo.play = play;","\tvideo.pause = pause;","\tproxyProperty(video, 'paused', player.driver);","\tproxyProperty(video, 'muted', player.driver, true);","\tproxyProperty(video, 'playbackRate', player.driver, true);","\tproxyProperty(video, 'ended', player.driver);","\tproxyProperty(video, 'loop', player.driver, true);","\tpreventEvent(video, 'seeking');","\tpreventEvent(video, 'seeked');","\tpreventEvent(video, 'timeupdate', ಠevent, false);","\tpreventEvent(video, 'ended', ಠevent, false); // prevent occasional native ended events","}","","function enableInlineVideo(video, opts) {","\tif ( opts === void 0 ) opts = {};","","\t// Stop if already enabled","\tif (video[ಠ]) {","\t\treturn;","\t}","","\t// Allow the user to skip detection","\tif (!opts.everywhere) {","\t\t// Only iOS8 and 9 are supported","\t\tif (!iOS8or9) {","\t\t\treturn;","\t\t}","","\t\t// Stop if it's not an allowed device","\t\tif (!(opts.iPad || opts.ipad ? /iPhone|iPod|iPad/ : /iPhone|iPod/).test(navigator.userAgent)) {","\t\t\treturn;","\t\t}","\t}","","\t// Stop native playback","\tif (!video.paused && video.webkitDisplayingFullscreen) {","\t\tvideo.pause();","\t}","","\taddPlayer(video, !video.muted);","\toverloadAPI(video);","\tvideo.classList.add('IIV');","","\t// Autoplay","\tif (video.muted && video.autoplay) {","\t\tvideo.play();","\t}","","\tif (!/iPhone|iPod|iPad/.test(navigator.platform)) {","\t\tconsole.warn('iphone-inline-video is not guaranteed to work in emulated environments');","\t}","}","","module.exports = enableInlineVideo;",""],"l":{"4":1,"6":1,"7":1,"8":0,"9":0,"12":0,"14":0,"19":0,"22":1,"23":1,"24":0,"26":1,"27":0,"30":0,"31":0,"34":0,"37":1,"38":0,"41":1,"42":0,"43":0,"47":1,"49":1,"50":1,"51":1,"52":1,"58":1,"59":0,"60":0,"61":0,"62":0,"63":0,"68":0,"73":0,"76":1,"77":1,"78":1,"80":1,"82":0,"83":0,"84":0,"86":0,"87":0,"89":0,"92":1,"93":0,"96":1,"97":0,"99":0,"100":0,"101":0,"102":0,"103":0,"106":0,"107":0,"113":0,"119":0,"120":0,"121":0,"129":1,"131":0,"132":0,"135":0,"136":0,"137":0,"140":0,"142":0,"143":0,"146":0,"147":0,"149":0,"151":0,"155":0,"158":0,"159":0,"161":0,"162":0,"163":0,"165":0,"169":1,"171":0,"172":0,"174":0,"175":0,"180":0,"181":0,"184":0,"185":0,"188":0,"189":0,"190":0,"192":0,"193":0,"194":0,"202":1,"203":0,"204":0,"205":0,"206":0,"207":0,"209":0,"210":0,"212":0,"213":0,"215":0,"218":0,"223":0,"226":0,"228":0,"229":0,"233":0,"239":0,"241":0,"242":0,"244":0,"245":0,"247":0,"248":0,"250":0,"256":0,"257":0,"259":0,"262":0,"263":0,"267":0,"270":0,"271":0,"273":0,"278":0,"279":0,"281":0,"287":1,"288":0,"289":0,"290":0,"291":0,"292":0,"293":0,"294":0,"295":0,"296":0,"297":0,"298":0,"299":0,"300":0,"301":0,"304":1,"305":0,"308":0,"309":0,"313":0,"315":0,"316":0,"320":0,"321":0,"326":0,"327":0,"330":0,"331":0,"332":0,"335":0,"336":0,"339":0,"340":0,"344":1}}}